#
# There is insufficient memory for the Java Runtime Environment to continue.
# Native memory allocation (mmap) failed to map 33554432 bytes for committing reserved memory.
# Possible reasons:
#   The system is out of physical RAM or swap space
#   In 32 bit mode, the process size limit was hit
# Possible solutions:
#   Reduce memory load on the system
#   Increase physical memory or swap space
#   Check if swap backing store is full
#   Use 64 bit Java on a 64 bit OS
#   Decrease Java heap size (-Xmx/-Xms)
#   Decrease number of Java threads
#   Decrease Java thread stack sizes (-Xss)
#   Set larger code cache with -XX:ReservedCodeCacheSize=
# This output file may be truncated or incomplete.
#
#  Out of Memory Error (os_linux.cpp:2627), pid=7604, tid=139915603990272
#
# JRE version: Java(TM) SE Runtime Environment (8.0_60-b27) (build 1.8.0_60-b27)
# Java VM: Java HotSpot(TM) 64-Bit Server VM (25.60-b23 mixed mode linux-amd64 compressed oops)
# Failed to write core dump. Core dumps have been disabled. To enable core dumping, try "ulimit -c unlimited" before starting Java again
#

---------------  T H R E A D  ---------------

Current thread (0x00007f40b8073800):  VMThread [stack: 0x00007f40a3cfd000,0x00007f40a3dfe000] [id=7619]

Stack: [0x00007f40a3cfd000,0x00007f40a3dfe000],  sp=0x00007f40a3dfc020,  free space=1020k
Native frames: (J=compiled Java code, j=interpreted, Vv=VM code, C=native code)
V  [libjvm.so+0xab97ea]  VMError::report_and_die()+0x2ba
V  [libjvm.so+0x4f9dab]  report_vm_out_of_memory(char const*, int, unsigned long, VMErrorType, char const*)+0x8b
V  [libjvm.so+0x91a7c3]  os::Linux::commit_memory_impl(char*, unsigned long, bool)+0x103
V  [libjvm.so+0x91ad19]  os::pd_commit_memory(char*, unsigned long, unsigned long, bool)+0x29
V  [libjvm.so+0x91502a]  os::commit_memory(char*, unsigned long, unsigned long, bool)+0x2a
V  [libjvm.so+0x9886d3]  PSVirtualSpace::expand_by(unsigned long)+0x53
V  [libjvm.so+0x989ad8]  PSYoungGen::resize_generation(unsigned long, unsigned long)+0xf8
V  [libjvm.so+0x988c32]  PSYoungGen::resize(unsigned long, unsigned long)+0x22
V  [libjvm.so+0x985f0b]  PSScavenge::invoke_no_policy()+0xf3b
V  [libjvm.so+0x986691]  PSScavenge::invoke()+0x41
V  [libjvm.so+0x93e430]  ParallelScavengeHeap::failed_mem_allocate(unsigned long)+0x70
V  [libjvm.so+0xabb207]  VM_ParallelGCFailedAllocation::doit()+0x97
V  [libjvm.so+0xac2c35]  VM_Operation::evaluate()+0x55
V  [libjvm.so+0xac100a]  VMThread::evaluate_operation(VM_Operation*)+0xba
V  [libjvm.so+0xac138e]  VMThread::loop()+0x1ce
V  [libjvm.so+0xac1800]  VMThread::run()+0x70
V  [libjvm.so+0x91cb88]  java_start(Thread*)+0x108

VM_Operation (0x00007f40a32688c0): ParallelGCFailedAllocation, mode: safepoint, requested by thread 0x00007f40b813b000


---------------  P R O C E S S  ---------------

Java Threads: ( => current thread )
  0x00007f40b8141000 JavaThread "pool-1-thread-4" [_thread_blocked, id=7647, stack(0x00007f40a2f68000,0x00007f40a3069000)]
  0x00007f40b813c800 JavaThread "pool-1-thread-3" [_thread_blocked, id=7646, stack(0x00007f40a3069000,0x00007f40a316a000)]
  0x00007f40b813b000 JavaThread "pool-1-thread-2" [_thread_blocked, id=7645, stack(0x00007f40a316a000,0x00007f40a326b000)]
  0x00007f40b812d800 JavaThread "pool-2-thread-1" [_thread_blocked, id=7640, stack(0x00007f40a326b000,0x00007f40a336c000)]
  0x00007f40b812b800 JavaThread "pool-1-thread-1" [_thread_blocked, id=7638, stack(0x00007f40a336c000,0x00007f40a346d000)]
  0x00007f40b80ba000 JavaThread "Service Thread" daemon [_thread_blocked, id=7634, stack(0x00007f40a356e000,0x00007f40a366f000)]
  0x00007f40b80b5000 JavaThread "C1 CompilerThread1" daemon [_thread_blocked, id=7633, stack(0x00007f40a366f000,0x00007f40a3770000)]
  0x00007f40b80b2000 JavaThread "C2 CompilerThread0" daemon [_thread_blocked, id=7632, stack(0x00007f40a3770000,0x00007f40a3871000)]
  0x00007f40b80b1000 JavaThread "Signal Dispatcher" daemon [_thread_blocked, id=7627, stack(0x00007f40a3871000,0x00007f40a3972000)]
  0x00007f40b807b000 JavaThread "Finalizer" daemon [_thread_blocked, id=7625, stack(0x00007f40a3afb000,0x00007f40a3bfc000)]
  0x00007f40b8078800 JavaThread "Reference Handler" daemon [_thread_blocked, id=7623, stack(0x00007f40a3bfc000,0x00007f40a3cfd000)]
  0x00007f40b800a000 JavaThread "main" [_thread_blocked, id=7613, stack(0x00007f40bfb89000,0x00007f40bfc8a000)]

Other Threads:
=>0x00007f40b8073800 VMThread [stack: 0x00007f40a3cfd000,0x00007f40a3dfe000] [id=7619]
  0x00007f40b80bd000 WatcherThread [stack: 0x00007f40a346d000,0x00007f40a356e000] [id=7635]

VM state:at safepoint (normal execution)

VM Mutex/Monitor currently owned by a thread:  ([mutex/lock_event])
[0x00007f40b8006570] Threads_lock - owner thread: 0x00007f40b8073800
[0x00007f40b8006a70] Heap_lock - owner thread: 0x00007f40b813b000

Heap:
 PSYoungGen      total 26624K, used 2022K [0x00000000eab00000, 0x00000000ec700000, 0x0000000100000000)
  eden space 24576K, 0% used [0x00000000eab00000,0x00000000eab00000,0x00000000ec300000)
  from space 2048K, 98% used [0x00000000ec300000,0x00000000ec4f98c0,0x00000000ec500000)
  to   space 2048K, 0% used [0x00000000ec500000,0x00000000ec500000,0x00000000ec700000)
 ParOldGen       total 32768K, used 10814K [0x00000000c0000000, 0x00000000c2000000, 0x00000000eab00000)
  object space 32768K, 33% used [0x00000000c0000000,0x00000000c0a8fb98,0x00000000c2000000)
 Metaspace       used 6007K, capacity 6960K, committed 7040K, reserved 1056768K
  class space    used 592K, capacity 616K, committed 640K, reserved 1048576K

Card table byte_map: [0x00007f40be930000,0x00007f40beb31000] byte_map_base: 0x00007f40be330000

Marking Bits: (ParMarkBitMap*) 0x00007f40c0c38de0
 Begin Bits: [0x00007f40bc5d8000, 0x00007f40bd5d8000)
 End Bits:   [0x00007f40bd5d8000, 0x00007f40be5d8000)

Polling page: 0x00007f40c0ea0000

CodeCache: size=245760Kb used=4146Kb max_used=4179Kb free=241613Kb
 bounds [0x00007f40a9000000, 0x00007f40a9420000, 0x00007f40b8000000]
 total_blobs=1436 nmethods=1169 adapters=182
 compilation: enabled

Compilation events (10 events):
Event: 21.984 Thread 0x00007f40b80b5000 1268       2       com.android.dx.cf.direct.StdAttributeFactory::code (613 bytes)
Event: 21.990 Thread 0x00007f40b80b5000 nmethod 1268 0x00007f40a93f3050 code [0x00007f40a93f3640, 0x00007f40a93f5bd8]
Event: 21.990 Thread 0x00007f40b80b5000 1273       2       com.android.dx.rop.cst.CstMethodRef::<init> (7 bytes)
Event: 21.990 Thread 0x00007f40b80b5000 nmethod 1273 0x00007f40a93fa3d0 code [0x00007f40a93fa540, 0x00007f40a93fa718]
Event: 21.990 Thread 0x00007f40b80b5000 1271       2       java.util.concurrent.locks.AbstractOwnableSynchronizer::setExclusiveOwnerThread (6 bytes)
Event: 21.990 Thread 0x00007f40b80b5000 nmethod 1271 0x00007f40a93fa890 code [0x00007f40a93fa9e0, 0x00007f40a93fab50]
Event: 21.990 Thread 0x00007f40b80b5000 1272       2       java.util.TreeMap::containsKey (14 bytes)
Event: 21.990 Thread 0x00007f40b80b5000 nmethod 1272 0x00007f40a93fabd0 code [0x00007f40a93fad40, 0x00007f40a93faec8]
Event: 25.554 Thread 0x00007f40b80b5000 1274       2       com.android.dx.cf.iface.StdAttributeList::findNext (85 bytes)
Event: 28.658 Thread 0x00007f40b80b2000 nmethod 876 0x00007f40a94033d0 code [0x00007f40a9403ce0, 0x00007f40a9409260]

GC Heap History (9 events):
Event: 5.881 GC heap before
{Heap before GC invocations=1 (full 0):
 PSYoungGen      total 14336K, used 12288K [0x00000000eab00000, 0x00000000ebb00000, 0x0000000100000000)
  eden space 12288K, 100% used [0x00000000eab00000,0x00000000eb700000,0x00000000eb700000)
  from space 2048K, 0% used [0x00000000eb900000,0x00000000eb900000,0x00000000ebb00000)
  to   space 2048K, 0% used [0x00000000eb700000,0x00000000eb700000,0x00000000eb900000)
 ParOldGen       total 32768K, used 0K [0x00000000c0000000, 0x00000000c2000000, 0x00000000eab00000)
  object space 32768K, 0% used [0x00000000c0000000,0x00000000c0000000,0x00000000c2000000)
 Metaspace       used 5323K, capacity 6384K, committed 6528K, reserved 1056768K
  class space    used 580K, capacity 616K, committed 640K, reserved 1048576K
Event: 5.891 GC heap after
Heap after GC invocations=1 (full 0):
 PSYoungGen      total 14336K, used 2039K [0x00000000eab00000, 0x00000000ebb00000, 0x0000000100000000)
  eden space 12288K, 0% used [0x00000000eab00000,0x00000000eab00000,0x00000000eb700000)
  from space 2048K, 99% used [0x00000000eb700000,0x00000000eb8fdc78,0x00000000eb900000)
  to   space 2048K, 0% used [0x00000000eb900000,0x00000000eb900000,0x00000000ebb00000)
 ParOldGen       total 32768K, used 1161K [0x00000000c0000000, 0x00000000c2000000, 0x00000000eab00000)
  object space 32768K, 3% used [0x00000000c0000000,0x00000000c0122640,0x00000000c2000000)
 Metaspace       used 5323K, capacity 6384K, committed 6528K, reserved 1056768K
  class space    used 580K, capacity 616K, committed 640K, reserved 1048576K
}
Event: 6.702 GC heap before
{Heap before GC invocations=2 (full 0):
 PSYoungGen      total 14336K, used 14327K [0x00000000eab00000, 0x00000000ebb00000, 0x0000000100000000)
  eden space 12288K, 100% used [0x00000000eab00000,0x00000000eb700000,0x00000000eb700000)
  from space 2048K, 99% used [0x00000000eb700000,0x00000000eb8fdc78,0x00000000eb900000)
  to   space 2048K, 0% used [0x00000000eb900000,0x00000000eb900000,0x00000000ebb00000)
 ParOldGen       total 32768K, used 1161K [0x00000000c0000000, 0x00000000c2000000, 0x00000000eab00000)
  object space 32768K, 3% used [0x00000000c0000000,0x00000000c0122640,0x00000000c2000000)
 Metaspace       used 5702K, capacity 6704K, committed 6784K, reserved 1056768K
  class space    used 588K, capacity 616K, committed 640K, reserved 1048576K
Event: 6.733 GC heap after
Heap after GC invocations=2 (full 0):
 PSYoungGen      total 14336K, used 2026K [0x00000000eab00000, 0x00000000ec700000, 0x0000000100000000)
  eden space 12288K, 0% used [0x00000000eab00000,0x00000000eab00000,0x00000000eb700000)
  from space 2048K, 98% used [0x00000000eb900000,0x00000000ebafaaa8,0x00000000ebb00000)
  to   space 2048K, 0% used [0x00000000eb700000,0x00000000eb700000,0x00000000eb900000)
 ParOldGen       total 32768K, used 2948K [0x00000000c0000000, 0x00000000c2000000, 0x00000000eab00000)
  object space 32768K, 8% used [0x00000000c0000000,0x00000000c02e1350,0x00000000c2000000)
 Metaspace       used 5702K, capacity 6704K, committed 6784K, reserved 1056768K
  class space    used 588K, capacity 616K, committed 640K, reserved 1048576K
}
Event: 7.340 GC heap before
{Heap before GC invocations=3 (full 0):
 PSYoungGen      total 14336K, used 14314K [0x00000000eab00000, 0x00000000ec700000, 0x0000000100000000)
  eden space 12288K, 100% used [0x00000000eab00000,0x00000000eb700000,0x00000000eb700000)
  from space 2048K, 98% used [0x00000000eb900000,0x00000000ebafaaa8,0x00000000ebb00000)
  to   space 2048K, 0% used [0x00000000eb700000,0x00000000eb700000,0x00000000eb900000)
 ParOldGen       total 32768K, used 2948K [0x00000000c0000000, 0x00000000c2000000, 0x00000000eab00000)
  object space 32768K, 8% used [0x00000000c0000000,0x00000000c02e1350,0x00000000c2000000)
 Metaspace       used 5775K, capacity 6768K, committed 7040K, reserved 1056768K
  class space    used 590K, capacity 616K, committed 640K, reserved 1048576K
Event: 7.369 GC heap after
Heap after GC invocations=3 (full 0):
 PSYoungGen      total 14336K, used 2032K [0x00000000eab00000, 0x00000000ec700000, 0x0000000100000000)
  eden space 12288K, 0% used [0x00000000eab00000,0x00000000eab00000,0x00000000eb700000)
  from space 2048K, 99% used [0x00000000eb700000,0x00000000eb8fc020,0x00000000eb900000)
  to   space 2048K, 0% used [0x00000000ec500000,0x00000000ec500000,0x00000000ec700000)
 ParOldGen       total 32768K, used 4964K [0x00000000c0000000, 0x00000000c2000000, 0x00000000eab00000)
  object space 32768K, 15% used [0x00000000c0000000,0x00000000c04d9178,0x00000000c2000000)
 Metaspace       used 5775K, capacity 6768K, committed 7040K, reserved 1056768K
  class space    used 590K, capacity 616K, committed 640K, reserved 1048576K
}
Event: 7.656 GC heap before
{Heap before GC invocations=4 (full 0):
 PSYoungGen      total 14336K, used 14320K [0x00000000eab00000, 0x00000000ec700000, 0x0000000100000000)
  eden space 12288K, 100% used [0x00000000eab00000,0x00000000eb700000,0x00000000eb700000)
  from space 2048K, 99% used [0x00000000eb700000,0x00000000eb8fc020,0x00000000eb900000)
  to   space 2048K, 0% used [0x00000000ec500000,0x00000000ec500000,0x00000000ec700000)
 ParOldGen       total 32768K, used 4964K [0x00000000c0000000, 0x00000000c2000000, 0x00000000eab00000)
  object space 32768K, 15% used [0x00000000c0000000,0x00000000c04d9178,0x00000000c2000000)
 Metaspace       used 5798K, capacity 6832K, committed 7040K, reserved 1056768K
  class space    used 590K, capacity 616K, committed 640K, reserved 1048576K
Event: 7.701 GC heap after
Heap after GC invocations=4 (full 0):
 PSYoungGen      total 26624K, used 2028K [0x00000000eab00000, 0x00000000ec700000, 0x0000000100000000)
  eden space 24576K, 0% used [0x00000000eab00000,0x00000000eab00000,0x00000000ec300000)
  from space 2048K, 99% used [0x00000000ec500000,0x00000000ec6fb0c8,0x00000000ec700000)
  to   space 2048K, 0% used [0x00000000ec300000,0x00000000ec300000,0x00000000ec500000)
 ParOldGen       total 32768K, used 7257K [0x00000000c0000000, 0x00000000c2000000, 0x00000000eab00000)
  object space 32768K, 22% used [0x00000000c0000000,0x00000000c0716700,0x00000000c2000000)
 Metaspace       used 5798K, capacity 6832K, committed 7040K, reserved 1056768K
  class space    used 590K, capacity 616K, committed 640K, reserved 1048576K
}
Event: 54.808 GC heap before
{Heap before GC invocations=5 (full 0):
 PSYoungGen      total 26624K, used 26604K [0x00000000eab00000, 0x00000000ec700000, 0x0000000100000000)
  eden space 24576K, 100% used [0x00000000eab00000,0x00000000ec300000,0x00000000ec300000)
  from space 2048K, 99% used [0x00000000ec500000,0x00000000ec6fb0c8,0x00000000ec700000)
  to   space 2048K, 0% used [0x00000000ec300000,0x00000000ec300000,0x00000000ec500000)
 ParOldGen       total 32768K, used 7257K [0x00000000c0000000, 0x00000000c2000000, 0x00000000eab00000)
  object space 32768K, 22% used [0x00000000c0000000,0x00000000c0716700,0x00000000c2000000)
 Metaspace       used 6007K, capacity 6960K, committed 7040K, reserved 1056768K
  class space    used 592K, capacity 616K, committed 640K, reserved 1048576K

Deoptimization events (6 events):
Event: 5.327 Thread 0x00007f40b800a000 Uncommon trap: reason=unstable_if action=reinterpret pc=0x00007f40a913a3c8 method=java.lang.String.indexOf(II)I @ 49
Event: 6.015 Thread 0x00007f40b812b800 Uncommon trap: reason=unstable_if action=reinterpret pc=0x00007f40a91f7e88 method=java.util.HashMap.getNode(ILjava/lang/Object;)Ljava/util/HashMap$Node; @ 62
Event: 6.233 Thread 0x00007f40b813c800 Uncommon trap: reason=unstable_if action=reinterpret pc=0x00007f40a9202bac method=java.util.BitSet.nextSetBit(I)I @ 87
Event: 6.458 Thread 0x00007f40b813c800 Uncommon trap: reason=unstable_if action=reinterpret pc=0x00007f40a92157b8 method=java.util.BitSet.ensureCapacity(I)V @ 6
Event: 6.650 Thread 0x00007f40b800a000 Uncommon trap: reason=unstable_if action=reinterpret pc=0x00007f40a922892c method=com.android.dx.rop.code.RegisterSpec.equals(ILcom/android/dx/rop/type/TypeBearer;Lcom/android/dx/rop/code/LocalItem;)Z @ 16
Event: 7.291 Thread 0x00007f40b813c800 Uncommon trap: reason=null_check action=make_not_entrant pc=0x00007f40a92b14b0 method=com.android.dx.ssa.SsaRenamer.getLocalForNewReg(I)Lcom/android/dx/rop/code/LocalItem; @ 19

Internal exceptions (3 events):
Event: 0.712 Thread 0x00007f40b800a000 Exception <a 'java/lang/NoSuchMethodError': Method sun.misc.Unsafe.defineClass(Ljava/lang/String;[BII)Ljava/lang/Class; name or signature does not match> (0x00000000eab12b90) thrown at [/HUDSON/workspace/8-2-build-linux-amd64/jdk8u60/4407/hotspot/src/shar
Event: 0.713 Thread 0x00007f40b800a000 Exception <a 'java/lang/NoSuchMethodError': Method sun.misc.Unsafe.prefetchRead(Ljava/lang/Object;J)V name or signature does not match> (0x00000000eab12e78) thrown at [/HUDSON/workspace/8-2-build-linux-amd64/jdk8u60/4407/hotspot/src/share/vm/prims/jni.cpp
Event: 7.291 Thread 0x00007f40b813c800 Implicit null exception at 0x00007f40a92af451 to 0x00007f40a92b1489

Events (10 events):
Event: 7.703 loading class com/android/dx/cf/code/Ropper$ExceptionHandlerSetup done
Event: 7.954 Executing VM operation: RevokeBias
Event: 8.239 Executing VM operation: RevokeBias done
Event: 8.340 Executing VM operation: RevokeBias
Event: 8.340 Executing VM operation: RevokeBias done
Event: 8.387 loading class java/util/HashMap$Values
Event: 21.410 loading class java/util/HashMap$Values done
Event: 21.531 loading class java/util/HashMap$ValueIterator
Event: 24.903 loading class java/util/HashMap$ValueIterator done
Event: 31.316 Executing VM operation: ParallelGCFailedAllocation


Dynamic libraries:
00400000-00401000 r-xp 00000000 08:04 319259                             /mnt/data/programs/jdk1.8.0_60/bin/java
00600000-00601000 rw-p 00000000 08:04 319259                             /mnt/data/programs/jdk1.8.0_60/bin/java
01996000-019b7000 rw-p 00000000 00:00 0                                  [heap]
c0000000-c2000000 rw-p 00000000 00:00 0 
c2000000-eab00000 ---p 00000000 00:00 0 
eab00000-ec700000 rw-p 00000000 00:00 0 
ee700000-100000000 ---p 00000000 00:00 0 
100000000-1000a0000 rw-p 00000000 00:00 0 
1000a0000-140000000 ---p 00000000 00:00 0 
34dd600000-34dd620000 r-xp 00000000 08:02 2758167                        /lib/x86_64-linux-gnu/ld-2.19.so
34dd820000-34dd821000 r--p 00020000 08:02 2758167                        /lib/x86_64-linux-gnu/ld-2.19.so
34dd821000-34dd822000 rw-p 00021000 08:02 2758167                        /lib/x86_64-linux-gnu/ld-2.19.so
34dd822000-34dd823000 rw-p 00000000 00:00 0 
34dda00000-34ddba2000 r-xp 00000000 08:02 2758168                        /lib/x86_64-linux-gnu/libc-2.19.so
34ddba2000-34ddda1000 ---p 001a2000 08:02 2758168                        /lib/x86_64-linux-gnu/libc-2.19.so
34ddda1000-34ddda5000 r--p 001a1000 08:02 2758168                        /lib/x86_64-linux-gnu/libc-2.19.so
34ddda5000-34ddda7000 rw-p 001a5000 08:02 2758168                        /lib/x86_64-linux-gnu/libc-2.19.so
34ddda7000-34dddab000 rw-p 00000000 00:00 0 
34dde00000-34dde03000 r-xp 00000000 08:02 2758172                        /lib/x86_64-linux-gnu/libdl-2.19.so
34dde03000-34de002000 ---p 00003000 08:02 2758172                        /lib/x86_64-linux-gnu/libdl-2.19.so
34de002000-34de003000 r--p 00002000 08:02 2758172                        /lib/x86_64-linux-gnu/libdl-2.19.so
34de003000-34de004000 rw-p 00003000 08:02 2758172                        /lib/x86_64-linux-gnu/libdl-2.19.so
34de200000-34de218000 r-xp 00000000 08:02 2758169                        /lib/x86_64-linux-gnu/libpthread-2.19.so
34de218000-34de417000 ---p 00018000 08:02 2758169                        /lib/x86_64-linux-gnu/libpthread-2.19.so
34de417000-34de418000 r--p 00017000 08:02 2758169                        /lib/x86_64-linux-gnu/libpthread-2.19.so
34de418000-34de419000 rw-p 00018000 08:02 2758169                        /lib/x86_64-linux-gnu/libpthread-2.19.so
34de419000-34de41d000 rw-p 00000000 00:00 0 
34de600000-34de700000 r-xp 00000000 08:02 2758176                        /lib/x86_64-linux-gnu/libm-2.19.so
34de700000-34de8ff000 ---p 00100000 08:02 2758176                        /lib/x86_64-linux-gnu/libm-2.19.so
34de8ff000-34de900000 r--p 000ff000 08:02 2758176                        /lib/x86_64-linux-gnu/libm-2.19.so
34de900000-34de901000 rw-p 00100000 08:02 2758176                        /lib/x86_64-linux-gnu/libm-2.19.so
34df200000-34df207000 r-xp 00000000 08:02 2758179                        /lib/x86_64-linux-gnu/librt-2.19.so
34df207000-34df406000 ---p 00007000 08:02 2758179                        /lib/x86_64-linux-gnu/librt-2.19.so
34df406000-34df407000 r--p 00006000 08:02 2758179                        /lib/x86_64-linux-gnu/librt-2.19.so
34df407000-34df408000 rw-p 00007000 08:02 2758179                        /lib/x86_64-linux-gnu/librt-2.19.so
34f1c00000-34f1c15000 r-xp 00000000 08:02 2758195                        /lib/x86_64-linux-gnu/libnsl-2.19.so
34f1c15000-34f1e14000 ---p 00015000 08:02 2758195                        /lib/x86_64-linux-gnu/libnsl-2.19.so
34f1e14000-34f1e15000 r--p 00014000 08:02 2758195                        /lib/x86_64-linux-gnu/libnsl-2.19.so
34f1e15000-34f1e16000 rw-p 00015000 08:02 2758195                        /lib/x86_64-linux-gnu/libnsl-2.19.so
34f1e16000-34f1e18000 rw-p 00000000 00:00 0 
7f4068000000-7f4068021000 rw-p 00000000 00:00 0 
7f4068021000-7f406c000000 ---p 00000000 00:00 0 
7f4070000000-7f4070021000 rw-p 00000000 00:00 0 
7f4070021000-7f4074000000 ---p 00000000 00:00 0 
7f4074000000-7f4074021000 rw-p 00000000 00:00 0 
7f4074021000-7f4078000000 ---p 00000000 00:00 0 
7f4078000000-7f4078021000 rw-p 00000000 00:00 0 
7f4078021000-7f407c000000 ---p 00000000 00:00 0 
7f407c000000-7f407c03f000 rw-p 00000000 00:00 0 
7f407c03f000-7f4080000000 ---p 00000000 00:00 0 
7f4080000000-7f4080714000 rw-p 00000000 00:00 0 
7f4080714000-7f4084000000 ---p 00000000 00:00 0 
7f4084000000-7f4084021000 rw-p 00000000 00:00 0 
7f4084021000-7f4088000000 ---p 00000000 00:00 0 
7f4088000000-7f4088021000 rw-p 00000000 00:00 0 
7f4088021000-7f408c000000 ---p 00000000 00:00 0 
7f408c000000-7f408ccaa000 rw-p 00000000 00:00 0 
7f408ccaa000-7f4090000000 ---p 00000000 00:00 0 
7f4090000000-7f4090021000 rw-p 00000000 00:00 0 
7f4090021000-7f4094000000 ---p 00000000 00:00 0 
7f4094000000-7f4094021000 rw-p 00000000 00:00 0 
7f4094021000-7f4098000000 ---p 00000000 00:00 0 
7f4098000000-7f409828b000 rw-p 00000000 00:00 0 
7f409828b000-7f409c000000 ---p 00000000 00:00 0 
7f409c000000-7f409c021000 rw-p 00000000 00:00 0 
7f409c021000-7f40a0000000 ---p 00000000 00:00 0 
7f40a2f68000-7f40a2f6b000 ---p 00000000 00:00 0 
7f40a2f6b000-7f40a3069000 rw-p 00000000 00:00 0                          [stack:7647]
7f40a3069000-7f40a306c000 ---p 00000000 00:00 0 
7f40a306c000-7f40a316a000 rw-p 00000000 00:00 0                          [stack:7646]
7f40a316a000-7f40a316d000 ---p 00000000 00:00 0 
7f40a316d000-7f40a326b000 rw-p 00000000 00:00 0                          [stack:7645]
7f40a326b000-7f40a326e000 ---p 00000000 00:00 0 
7f40a326e000-7f40a336c000 rw-p 00000000 00:00 0                          [stack:7640]
7f40a336c000-7f40a336f000 ---p 00000000 00:00 0 
7f40a336f000-7f40a346d000 rw-p 00000000 00:00 0                          [stack:7638]
7f40a346d000-7f40a346e000 ---p 00000000 00:00 0 
7f40a346e000-7f40a356e000 rw-p 00000000 00:00 0                          [stack:7635]
7f40a356e000-7f40a3571000 ---p 00000000 00:00 0 
7f40a3571000-7f40a366f000 rw-p 00000000 00:00 0                          [stack:7634]
7f40a366f000-7f40a3672000 ---p 00000000 00:00 0 
7f40a3672000-7f40a3770000 rw-p 00000000 00:00 0                          [stack:7633]
7f40a3770000-7f40a3773000 ---p 00000000 00:00 0 
7f40a3773000-7f40a3871000 rw-p 00000000 00:00 0                          [stack:7632]
7f40a3871000-7f40a3874000 ---p 00000000 00:00 0 
7f40a3874000-7f40a3972000 rw-p 00000000 00:00 0                          [stack:7627]
7f40a3972000-7f40a3afb000 r--p 00000000 08:02 395091                     /usr/lib/locale/locale-archive
7f40a3afb000-7f40a3afe000 ---p 00000000 00:00 0 
7f40a3afe000-7f40a3bfc000 rw-p 00000000 00:00 0                          [stack:7625]
7f40a3bfc000-7f40a3bff000 ---p 00000000 00:00 0 
7f40a3bff000-7f40a3cfd000 rw-p 00000000 00:00 0                          [stack:7623]
7f40a3cfd000-7f40a3cfe000 ---p 00000000 00:00 0 
7f40a3cfe000-7f40a4000000 rw-p 00000000 00:00 0                          [stack:7619]
7f40a4000000-7f40a4021000 rw-p 00000000 00:00 0 
7f40a4021000-7f40a8000000 ---p 00000000 00:00 0 
7f40a80f9000-7f40a8e40000 rw-p 00000000 00:00 0 
7f40a8e40000-7f40a9000000 ---p 00000000 00:00 0 
7f40a9000000-7f40a9420000 rwxp 00000000 00:00 0 
7f40a9420000-7f40b8000000 ---p 00000000 00:00 0 
7f40b8000000-7f40b8382000 rw-p 00000000 00:00 0 
7f40b8382000-7f40bc000000 ---p 00000000 00:00 0 
7f40bc061000-7f40bc067000 r--s 00041000 08:02 3148594                    /home/andrey/AndroidStudioProjects/Twitty/app/build/intermediates/exploded-aar/com.android.support/design/23.2.0/jars/classes.jar
7f40bc067000-7f40bc076000 r--s 000df000 08:04 369755                     /mnt/data/programs/Android/Sdk/build-tools/23.0.2/lib/dx.jar
7f40bc076000-7f40bc107000 rw-p 00000000 00:00 0 
7f40bc107000-7f40bc2df000 r--s 03d17000 08:04 319365                     /mnt/data/programs/jdk1.8.0_60/jre/lib/rt.jar
7f40bc2df000-7f40be5d8000 rw-p 00000000 00:00 0 
7f40be5d8000-7f40be5d9000 ---p 00000000 00:00 0 
7f40be5d9000-7f40be6d9000 rw-p 00000000 00:00 0                          [stack:7617]
7f40be6d9000-7f40be6da000 ---p 00000000 00:00 0 
7f40be6da000-7f40be7ea000 rw-p 00000000 00:00 0                          [stack:7616]
7f40be7ea000-7f40be930000 ---p 00000000 00:00 0 
7f40be930000-7f40be940000 rw-p 00000000 00:00 0 
7f40be940000-7f40bea85000 ---p 00000000 00:00 0 
7f40bea85000-7f40bea94000 rw-p 00000000 00:00 0 
7f40bea94000-7f40beb30000 ---p 00000000 00:00 0 
7f40beb30000-7f40beb42000 rw-p 00000000 00:00 0 
7f40beb42000-7f40beef1000 ---p 00000000 00:00 0 
7f40beef1000-7f40bef0b000 r-xp 00000000 08:04 319377                     /mnt/data/programs/jdk1.8.0_60/jre/lib/amd64/libzip.so
7f40bef0b000-7f40bf10b000 ---p 0001a000 08:04 319377                     /mnt/data/programs/jdk1.8.0_60/jre/lib/amd64/libzip.so
7f40bf10b000-7f40bf10c000 rw-p 0001a000 08:04 319377                     /mnt/data/programs/jdk1.8.0_60/jre/lib/amd64/libzip.so
7f40bf10c000-7f40bf117000 r-xp 00000000 08:02 2762727                    /lib/x86_64-linux-gnu/libnss_files-2.19.so
7f40bf117000-7f40bf316000 ---p 0000b000 08:02 2762727                    /lib/x86_64-linux-gnu/libnss_files-2.19.so
7f40bf316000-7f40bf317000 r--p 0000a000 08:02 2762727                    /lib/x86_64-linux-gnu/libnss_files-2.19.so
7f40bf317000-7f40bf318000 rw-p 0000b000 08:02 2762727                    /lib/x86_64-linux-gnu/libnss_files-2.19.so
7f40bf318000-7f40bf322000 r-xp 00000000 08:02 2762729                    /lib/x86_64-linux-gnu/libnss_nis-2.19.so
7f40bf322000-7f40bf521000 ---p 0000a000 08:02 2762729                    /lib/x86_64-linux-gnu/libnss_nis-2.19.so
7f40bf521000-7f40bf522000 r--p 00009000 08:02 2762729                    /lib/x86_64-linux-gnu/libnss_nis-2.19.so
7f40bf522000-7f40bf523000 rw-p 0000a000 08:02 2762729                    /lib/x86_64-linux-gnu/libnss_nis-2.19.so
7f40bf523000-7f40bf52a000 r-xp 00000000 08:02 2762724                    /lib/x86_64-linux-gnu/libnss_compat-2.19.so
7f40bf52a000-7f40bf729000 ---p 00007000 08:02 2762724                    /lib/x86_64-linux-gnu/libnss_compat-2.19.so
7f40bf729000-7f40bf72a000 r--p 00006000 08:02 2762724                    /lib/x86_64-linux-gnu/libnss_compat-2.19.so
7f40bf72a000-7f40bf72b000 rw-p 00007000 08:02 2762724                    /lib/x86_64-linux-gnu/libnss_compat-2.19.so
7f40bf72d000-7f40bf74e000 rw-p 00000000 00:00 0 
7f40bf74e000-7f40bf778000 r-xp 00000000 08:04 319392                     /mnt/data/programs/jdk1.8.0_60/jre/lib/amd64/libjava.so
7f40bf778000-7f40bf978000 ---p 0002a000 08:04 319392                     /mnt/data/programs/jdk1.8.0_60/jre/lib/amd64/libjava.so
7f40bf978000-7f40bf97a000 rw-p 0002a000 08:04 319392                     /mnt/data/programs/jdk1.8.0_60/jre/lib/amd64/libjava.so
7f40bf97a000-7f40bf987000 r-xp 00000000 08:04 319389                     /mnt/data/programs/jdk1.8.0_60/jre/lib/amd64/libverify.so
7f40bf987000-7f40bfb87000 ---p 0000d000 08:04 319389                     /mnt/data/programs/jdk1.8.0_60/jre/lib/amd64/libverify.so
7f40bfb87000-7f40bfb89000 rw-p 0000d000 08:04 319389                     /mnt/data/programs/jdk1.8.0_60/jre/lib/amd64/libverify.so
7f40bfb89000-7f40bfb8c000 ---p 00000000 00:00 0 
7f40bfb8c000-7f40bfc8a000 rw-p 00000000 00:00 0                          [stack:7613]
7f40bfc8a000-7f40c0948000 r-xp 00000000 08:04 319408                     /mnt/data/programs/jdk1.8.0_60/jre/lib/amd64/server/libjvm.so
7f40c0948000-7f40c0b47000 ---p 00cbe000 08:04 319408                     /mnt/data/programs/jdk1.8.0_60/jre/lib/amd64/server/libjvm.so
7f40c0b47000-7f40c0c1f000 rw-p 00cbd000 08:04 319408                     /mnt/data/programs/jdk1.8.0_60/jre/lib/amd64/server/libjvm.so
7f40c0c1f000-7f40c0c67000 rw-p 00000000 00:00 0 
7f40c0c67000-7f40c0c7c000 r-xp 00000000 08:04 320719                     /mnt/data/programs/jdk1.8.0_60/lib/amd64/jli/libjli.so
7f40c0c7c000-7f40c0e7c000 ---p 00015000 08:04 320719                     /mnt/data/programs/jdk1.8.0_60/lib/amd64/jli/libjli.so
7f40c0e7c000-7f40c0e7d000 rw-p 00015000 08:04 320719                     /mnt/data/programs/jdk1.8.0_60/lib/amd64/jli/libjli.so
7f40c0e7d000-7f40c0e7e000 rw-p 00000000 00:00 0 
7f40c0e82000-7f40c0e97000 rw-p 00000000 00:00 0 
7f40c0e97000-7f40c0e9f000 rw-s 00000000 08:02 1053111                    /tmp/hsperfdata_andrey/7604
7f40c0e9f000-7f40c0ea0000 rw-p 00000000 00:00 0 
7f40c0ea0000-7f40c0ea1000 ---p 00000000 00:00 0 
7f40c0ea1000-7f40c0ea3000 rw-p 00000000 00:00 0 
7ffffb514000-7ffffb535000 rw-p 00000000 00:00 0                          [stack]
7ffffb5d3000-7ffffb5d5000 r-xp 00000000 00:00 0                          [vdso]
7ffffb5d5000-7ffffb5d7000 r--p 00000000 00:00 0                          [vvar]
ffffffffff600000-ffffffffff601000 r-xp 00000000 00:00 0                  [vsyscall]

VM Arguments:
jvm_args: -Djava.awt.headless=true -Xmx1024M -Dfile.encoding=UTF-8 -Duser.country=US -Duser.language=en -Duser.variant 
java_command: com.android.dx.command.Main --dex --num-threads=4 --output /home/andrey/AndroidStudioProjects/Twitty/app/build/intermediates/pre-dexed/debug/com.android.support-design-23.2.0_5e56899a197f59535f581cddee86d475e83ed2a0.jar /home/andrey/AndroidStudioProjects/Twitty/app/build/intermediates/exploded-aar/com.android.support/design/23.2.0/jars/classes.jar
java_class_path (initial): /mnt/data/programs/Android/Sdk/build-tools/23.0.2/lib/dx.jar
Launcher Type: SUN_STANDARD

Environment Variables:
JAVA_HOME=/mnt/data/programs/jdk1.8.0_60
JRE_HOME=/mnt/data/programs/jdk1.8.0_60/jre
PATH=/usr/local/bin:/usr/bin:/bin:/usr/bin/X11:/usr/games:/mnt/data/programs/jdk1.8.0_60/bin:/mnt/data/programs/jdk1.8.0_60/jre/bin
LD_LIBRARY_PATH=/mnt/data/programs/android-studio/bin:
SHELL=/bin/zsh
DISPLAY=:0

Signal Handlers:
SIGSEGV: [libjvm.so+0xaba070], sa_mask[0]=11111111011111111101111111111110, sa_flags=SA_RESTART|SA_SIGINFO
SIGBUS: [libjvm.so+0xaba070], sa_mask[0]=11111111011111111101111111111110, sa_flags=SA_RESTART|SA_SIGINFO
SIGFPE: [libjvm.so+0x917630], sa_mask[0]=11111111011111111101111111111110, sa_flags=SA_RESTART|SA_SIGINFO
SIGPIPE: [libjvm.so+0x917630], sa_mask[0]=11111111011111111101111111111110, sa_flags=SA_RESTART|SA_SIGINFO
SIGXFSZ: [libjvm.so+0x917630], sa_mask[0]=11111111011111111101111111111110, sa_flags=SA_RESTART|SA_SIGINFO
SIGILL: [libjvm.so+0x917630], sa_mask[0]=11111111011111111101111111111110, sa_flags=SA_RESTART|SA_SIGINFO
SIGUSR1: SIG_DFL, sa_mask[0]=00000000000000000000000000000000, sa_flags=none
SIGUSR2: [libjvm.so+0x918c60], sa_mask[0]=00100000000000000000000000000000, sa_flags=SA_RESTART|SA_SIGINFO
SIGHUP: [libjvm.so+0x91a060], sa_mask[0]=11111111011111111101111111111110, sa_flags=SA_RESTART|SA_SIGINFO
SIGINT: [libjvm.so+0x91a060], sa_mask[0]=11111111011111111101111111111110, sa_flags=SA_RESTART|SA_SIGINFO
SIGTERM: [libjvm.so+0x91a060], sa_mask[0]=11111111011111111101111111111110, sa_flags=SA_RESTART|SA_SIGINFO
SIGQUIT: [libjvm.so+0x91a060], sa_mask[0]=11111111011111111101111111111110, sa_flags=SA_RESTART|SA_SIGINFO


---------------  S Y S T E M  ---------------

OS:PRETTY_NAME="Debian GNU/Linux 8 (jessie)"
NAME="Debian GNU/Linux"
VERSION_ID="8"
VERSION="8 (jessie)"
ID=debian
HOME_URL="http://www.debian.org/"
SUPPORT_URL="http://www.debian.org/support"
BUG_REPORT_URL="https://bugs.debian.org/"

uname:Linux 3.16.0-4-amd64 #1 SMP Debian 3.16.7-ckt20-1+deb8u4 (2016-02-29) x86_64
libc:glibc 2.19 NPTL 2.19 
rlimit: STACK 8192k, CORE 0k, NPROC 11689, NOFILE 65536, AS infinity
load average:19.68 9.05 3.82

/proc/meminfo:
MemTotal:        3017660 kB
MemFree:           79456 kB
MemAvailable:      64452 kB
Buffers:            7124 kB
Cached:            73448 kB
SwapCached:            0 kB
Active:          2599712 kB
Inactive:          66216 kB
Active(anon):    2586972 kB
Inactive(anon):    24984 kB
Active(file):      12740 kB
Inactive(file):    41232 kB
Unevictable:           0 kB
Mlocked:               0 kB
SwapTotal:             0 kB
SwapFree:              0 kB
Dirty:              3888 kB
Writeback:             0 kB
AnonPages:       2585604 kB
Mapped:            98736 kB
Shmem:             26352 kB
Slab:              57668 kB
SReclaimable:      28640 kB
SUnreclaim:        29028 kB
KernelStack:        5168 kB
PageTables:        34660 kB
NFS_Unstable:          0 kB
Bounce:                0 kB
WritebackTmp:          0 kB
CommitLimit:     1508828 kB
Committed_AS:    3578144 kB
VmallocTotal:   34359738367 kB
VmallocUsed:      162828 kB
VmallocChunk:   34359573332 kB
HardwareCorrupted:     0 kB
AnonHugePages:         0 kB
HugePages_Total:       0
HugePages_Free:        0
HugePages_Rsvd:        0
HugePages_Surp:        0
Hugepagesize:       2048 kB
DirectMap4k:      142544 kB
DirectMap2M:     2928640 kB


CPU:total 2 (2 cores per cpu, 1 threads per core) family 6 model 37 stepping 5, cmov, cx8, fxsr, mmx, sse, sse2, sse3, ssse3, popcnt, tsc, tscinvbit

/proc/cpuinfo:
processor	: 0
vendor_id	: GenuineIntel
cpu family	: 6
model		: 37
model name	: Intel(R) Pentium(R) CPU        P6200  @ 2.13GHz
stepping	: 5
microcode	: 0x2
cpu MHz		: 2133.000
cache size	: 3072 KB
physical id	: 0
siblings	: 2
core id		: 0
cpu cores	: 2
apicid		: 0
initial apicid	: 0
fpu		: yes
fpu_exception	: yes
cpuid level	: 11
wp		: yes
flags		: fpu vme de pse tsc msr pae mce cx8 apic sep mtrr pge mca cmov pat pse36 clflush dts acpi mmx fxsr sse sse2 ss ht tm pbe syscall nx rdtscp lm constant_tsc arch_perfmon pebs bts rep_good nopl xtopology nonstop_tsc aperfmperf pni dtes64 monitor ds_cpl est tm2 ssse3 cx16 xtpr pdcm pcid popcnt lahf_lm arat dtherm
bogomips	: 4256.08
clflush size	: 64
cache_alignment	: 64
address sizes	: 36 bits physical, 48 bits virtual
power management:

processor	: 1
vendor_id	: GenuineIntel
cpu family	: 6
model		: 37
model name	: Intel(R) Pentium(R) CPU        P6200  @ 2.13GHz
stepping	: 5
microcode	: 0x2
cpu MHz		: 2133.000
cache size	: 3072 KB
physical id	: 0
siblings	: 2
core id		: 2
cpu cores	: 2
apicid		: 4
initial apicid	: 4
fpu		: yes
fpu_exception	: yes
cpuid level	: 11
wp		: yes
flags		: fpu vme de pse tsc msr pae mce cx8 apic sep mtrr pge mca cmov pat pse36 clflush dts acpi mmx fxsr sse sse2 ss ht tm pbe syscall nx rdtscp lm constant_tsc arch_perfmon pebs bts rep_good nopl xtopology nonstop_tsc aperfmperf pni dtes64 monitor ds_cpl est tm2 ssse3 cx16 xtpr pdcm pcid popcnt lahf_lm arat dtherm
bogomips	: 4256.08
clflush size	: 64
cache_alignment	: 64
address sizes	: 36 bits physical, 48 bits virtual
power management:



Memory: 4k page, physical 3017660k(79456k free), swap 0k(0k free)

vm_info: Java HotSpot(TM) 64-Bit Server VM (25.60-b23) for linux-amd64 JRE (1.8.0_60-b27), built on Aug  4 2015 12:19:40 by "java_re" with gcc 4.3.0 20080428 (Red Hat 4.3.0-8)

time: Sat Apr  9 15:05:55 2016
elapsed time: 148 seconds (0d 0h 2m 28s)

